The system is: Linux - 3.13.0-93-generic - x86_64
Compiling the C compiler identification source file "CMakeCCompilerId.c" succeeded.
Compiler: /usr/bin/cc 
Build flags: 
Id flags: 

The output was:
0


Compilation of the C compiler identification source "CMakeCCompilerId.c" produced "a.out"

The C compiler identification is GNU, found in "/home/prof/AR/ENSG_AR/code/CMakeFiles/2.8.12.2/CompilerIdC/a.out"

Compiling the CXX compiler identification source file "CMakeCXXCompilerId.cpp" succeeded.
Compiler: /usr/bin/c++ 
Build flags: 
Id flags: 

The output was:
0


Compilation of the CXX compiler identification source "CMakeCXXCompilerId.cpp" produced "a.out"

The CXX compiler identification is GNU, found in "/home/prof/AR/ENSG_AR/code/CMakeFiles/2.8.12.2/CompilerIdCXX/a.out"

Determining if the C compiler works passed with the following output:
Change Dir: /home/prof/AR/ENSG_AR/code/CMakeFiles/CMakeTmp

Run Build Command:/usr/bin/make "cmTryCompileExec2974520608/fast"
/usr/bin/make -f CMakeFiles/cmTryCompileExec2974520608.dir/build.make CMakeFiles/cmTryCompileExec2974520608.dir/build
make[1]: entrant dans le répertoire « /home/prof/AR/ENSG_AR/code/CMakeFiles/CMakeTmp »
/usr/bin/cmake -E cmake_progress_report /home/prof/AR/ENSG_AR/code/CMakeFiles/CMakeTmp/CMakeFiles 1
Building C object CMakeFiles/cmTryCompileExec2974520608.dir/testCCompiler.c.o
/usr/bin/cc    -o CMakeFiles/cmTryCompileExec2974520608.dir/testCCompiler.c.o   -c /home/prof/AR/ENSG_AR/code/CMakeFiles/CMakeTmp/testCCompiler.c
Linking C executable cmTryCompileExec2974520608
/usr/bin/cmake -E cmake_link_script CMakeFiles/cmTryCompileExec2974520608.dir/link.txt --verbose=1
/usr/bin/cc       CMakeFiles/cmTryCompileExec2974520608.dir/testCCompiler.c.o  -o cmTryCompileExec2974520608 -rdynamic 
make[1]: quittant le répertoire « /home/prof/AR/ENSG_AR/code/CMakeFiles/CMakeTmp »


Detecting C compiler ABI info compiled with the following output:
Change Dir: /home/prof/AR/ENSG_AR/code/CMakeFiles/CMakeTmp

Run Build Command:/usr/bin/make "cmTryCompileExec2691889367/fast"
/usr/bin/make -f CMakeFiles/cmTryCompileExec2691889367.dir/build.make CMakeFiles/cmTryCompileExec2691889367.dir/build
make[1]: entrant dans le répertoire « /home/prof/AR/ENSG_AR/code/CMakeFiles/CMakeTmp »
/usr/bin/cmake -E cmake_progress_report /home/prof/AR/ENSG_AR/code/CMakeFiles/CMakeTmp/CMakeFiles 1
Building C object CMakeFiles/cmTryCompileExec2691889367.dir/CMakeCCompilerABI.c.o
/usr/bin/cc    -o CMakeFiles/cmTryCompileExec2691889367.dir/CMakeCCompilerABI.c.o   -c /usr/share/cmake-2.8/Modules/CMakeCCompilerABI.c
Linking C executable cmTryCompileExec2691889367
/usr/bin/cmake -E cmake_link_script CMakeFiles/cmTryCompileExec2691889367.dir/link.txt --verbose=1
/usr/bin/cc     -v CMakeFiles/cmTryCompileExec2691889367.dir/CMakeCCompilerABI.c.o  -o cmTryCompileExec2691889367 -rdynamic  
Using built-in specs.
COLLECT_GCC=/usr/bin/cc
COLLECT_LTO_WRAPPER=/usr/lib/gcc/x86_64-linux-gnu/4.8/lto-wrapper
Target: x86_64-linux-gnu
Configured with: ../src/configure -v --with-pkgversion='Ubuntu 4.8.4-2ubuntu1~14.04.3' --with-bugurl=file:///usr/share/doc/gcc-4.8/README.Bugs --enable-languages=c,c++,java,go,d,fortran,objc,obj-c++ --prefix=/usr --program-suffix=-4.8 --enable-shared --enable-linker-build-id --libexecdir=/usr/lib --without-included-gettext --enable-threads=posix --with-gxx-include-dir=/usr/include/c++/4.8 --libdir=/usr/lib --enable-nls --with-sysroot=/ --enable-clocale=gnu --enable-libstdcxx-debug --enable-libstdcxx-time=yes --enable-gnu-unique-object --disable-libmudflap --enable-plugin --with-system-zlib --disable-browser-plugin --enable-java-awt=gtk --enable-gtk-cairo --with-java-home=/usr/lib/jvm/java-1.5.0-gcj-4.8-amd64/jre --enable-java-home --with-jvm-root-dir=/usr/lib/jvm/java-1.5.0-gcj-4.8-amd64 --with-jvm-jar-dir=/usr/lib/jvm-exports/java-1.5.0-gcj-4.8-amd64 --with-arch-directory=amd64 --with-ecj-jar=/usr/share/java/eclipse-ecj.jar --enable-objc-gc --enable-multiarch --disable-werror --with-arch-32=i686 --with-abi=m64 --with-multilib-list=m32,m64,mx32 --with-tune=generic --enable-checking=release --build=x86_64-linux-gnu --host=x86_64-linux-gnu --target=x86_64-linux-gnu
Thread model: posix
gcc version 4.8.4 (Ubuntu 4.8.4-2ubuntu1~14.04.3) 
COMPILER_PATH=/usr/lib/gcc/x86_64-linux-gnu/4.8/:/usr/lib/gcc/x86_64-linux-gnu/4.8/:/usr/lib/gcc/x86_64-linux-gnu/:/usr/lib/gcc/x86_64-linux-gnu/4.8/:/usr/lib/gcc/x86_64-linux-gnu/
LIBRARY_PATH=/usr/lib/gcc/x86_64-linux-gnu/4.8/:/usr/lib/gcc/x86_64-linux-gnu/4.8/../../../x86_64-linux-gnu/:/usr/lib/gcc/x86_64-linux-gnu/4.8/../../../../lib/:/lib/x86_64-linux-gnu/:/lib/../lib/:/usr/lib/x86_64-linux-gnu/:/usr/lib/../lib/:/usr/lib/gcc/x86_64-linux-gnu/4.8/../../../:/lib/:/usr/lib/
COLLECT_GCC_OPTIONS='-v' '-o' 'cmTryCompileExec2691889367' '-rdynamic' '-mtune=generic' '-march=x86-64'
 /usr/lib/gcc/x86_64-linux-gnu/4.8/collect2 --sysroot=/ --build-id --eh-frame-hdr -m elf_x86_64 --hash-style=gnu --as-needed -export-dynamic -dynamic-linker /lib64/ld-linux-x86-64.so.2 -z relro -o cmTryCompileExec2691889367 /usr/lib/gcc/x86_64-linux-gnu/4.8/../../../x86_64-linux-gnu/crt1.o /usr/lib/gcc/x86_64-linux-gnu/4.8/../../../x86_64-linux-gnu/crti.o /usr/lib/gcc/x86_64-linux-gnu/4.8/crtbegin.o -L/usr/lib/gcc/x86_64-linux-gnu/4.8 -L/usr/lib/gcc/x86_64-linux-gnu/4.8/../../../x86_64-linux-gnu -L/usr/lib/gcc/x86_64-linux-gnu/4.8/../../../../lib -L/lib/x86_64-linux-gnu -L/lib/../lib -L/usr/lib/x86_64-linux-gnu -L/usr/lib/../lib -L/usr/lib/gcc/x86_64-linux-gnu/4.8/../../.. CMakeFiles/cmTryCompileExec2691889367.dir/CMakeCCompilerABI.c.o -lgcc --as-needed -lgcc_s --no-as-needed -lc -lgcc --as-needed -lgcc_s --no-as-needed /usr/lib/gcc/x86_64-linux-gnu/4.8/crtend.o /usr/lib/gcc/x86_64-linux-gnu/4.8/../../../x86_64-linux-gnu/crtn.o
make[1]: quittant le répertoire « /home/prof/AR/ENSG_AR/code/CMakeFiles/CMakeTmp »


Parsed C implicit link information from above output:
  link line regex: [^( *|.*[/\])(ld|([^/\]+-)?ld|collect2)[^/\]*( |$)]
  ignore line: [Change Dir: /home/prof/AR/ENSG_AR/code/CMakeFiles/CMakeTmp]
  ignore line: []
  ignore line: [Run Build Command:/usr/bin/make "cmTryCompileExec2691889367/fast"]
  ignore line: [/usr/bin/make -f CMakeFiles/cmTryCompileExec2691889367.dir/build.make CMakeFiles/cmTryCompileExec2691889367.dir/build]
  ignore line: [make[1]: entrant dans le répertoire « /home/prof/AR/ENSG_AR/code/CMakeFiles/CMakeTmp »]
  ignore line: [/usr/bin/cmake -E cmake_progress_report /home/prof/AR/ENSG_AR/code/CMakeFiles/CMakeTmp/CMakeFiles 1]
  ignore line: [Building C object CMakeFiles/cmTryCompileExec2691889367.dir/CMakeCCompilerABI.c.o]
  ignore line: [/usr/bin/cc    -o CMakeFiles/cmTryCompileExec2691889367.dir/CMakeCCompilerABI.c.o   -c /usr/share/cmake-2.8/Modules/CMakeCCompilerABI.c]
  ignore line: [Linking C executable cmTryCompileExec2691889367]
  ignore line: [/usr/bin/cmake -E cmake_link_script CMakeFiles/cmTryCompileExec2691889367.dir/link.txt --verbose=1]
  ignore line: [/usr/bin/cc     -v CMakeFiles/cmTryCompileExec2691889367.dir/CMakeCCompilerABI.c.o  -o cmTryCompileExec2691889367 -rdynamic  ]
  ignore line: [Using built-in specs.]
  ignore line: [COLLECT_GCC=/usr/bin/cc]
  ignore line: [COLLECT_LTO_WRAPPER=/usr/lib/gcc/x86_64-linux-gnu/4.8/lto-wrapper]
  ignore line: [Target: x86_64-linux-gnu]
  ignore line: [Configured with: ../src/configure -v --with-pkgversion='Ubuntu 4.8.4-2ubuntu1~14.04.3' --with-bugurl=file:///usr/share/doc/gcc-4.8/README.Bugs --enable-languages=c,c++,java,go,d,fortran,objc,obj-c++ --prefix=/usr --program-suffix=-4.8 --enable-shared --enable-linker-build-id --libexecdir=/usr/lib --without-included-gettext --enable-threads=posix --with-gxx-include-dir=/usr/include/c++/4.8 --libdir=/usr/lib --enable-nls --with-sysroot=/ --enable-clocale=gnu --enable-libstdcxx-debug --enable-libstdcxx-time=yes --enable-gnu-unique-object --disable-libmudflap --enable-plugin --with-system-zlib --disable-browser-plugin --enable-java-awt=gtk --enable-gtk-cairo --with-java-home=/usr/lib/jvm/java-1.5.0-gcj-4.8-amd64/jre --enable-java-home --with-jvm-root-dir=/usr/lib/jvm/java-1.5.0-gcj-4.8-amd64 --with-jvm-jar-dir=/usr/lib/jvm-exports/java-1.5.0-gcj-4.8-amd64 --with-arch-directory=amd64 --with-ecj-jar=/usr/share/java/eclipse-ecj.jar --enable-objc-gc --enable-multiarch --disable-werror --with-arch-32=i686 --with-abi=m64 --with-multilib-list=m32,m64,mx32 --with-tune=generic --enable-checking=release --build=x86_64-linux-gnu --host=x86_64-linux-gnu --target=x86_64-linux-gnu]
  ignore line: [Thread model: posix]
  ignore line: [gcc version 4.8.4 (Ubuntu 4.8.4-2ubuntu1~14.04.3) ]
  ignore line: [COMPILER_PATH=/usr/lib/gcc/x86_64-linux-gnu/4.8/:/usr/lib/gcc/x86_64-linux-gnu/4.8/:/usr/lib/gcc/x86_64-linux-gnu/:/usr/lib/gcc/x86_64-linux-gnu/4.8/:/usr/lib/gcc/x86_64-linux-gnu/]
  ignore line: [LIBRARY_PATH=/usr/lib/gcc/x86_64-linux-gnu/4.8/:/usr/lib/gcc/x86_64-linux-gnu/4.8/../../../x86_64-linux-gnu/:/usr/lib/gcc/x86_64-linux-gnu/4.8/../../../../lib/:/lib/x86_64-linux-gnu/:/lib/../lib/:/usr/lib/x86_64-linux-gnu/:/usr/lib/../lib/:/usr/lib/gcc/x86_64-linux-gnu/4.8/../../../:/lib/:/usr/lib/]
  ignore line: [COLLECT_GCC_OPTIONS='-v' '-o' 'cmTryCompileExec2691889367' '-rdynamic' '-mtune=generic' '-march=x86-64']
  link line: [ /usr/lib/gcc/x86_64-linux-gnu/4.8/collect2 --sysroot=/ --build-id --eh-frame-hdr -m elf_x86_64 --hash-style=gnu --as-needed -export-dynamic -dynamic-linker /lib64/ld-linux-x86-64.so.2 -z relro -o cmTryCompileExec2691889367 /usr/lib/gcc/x86_64-linux-gnu/4.8/../../../x86_64-linux-gnu/crt1.o /usr/lib/gcc/x86_64-linux-gnu/4.8/../../../x86_64-linux-gnu/crti.o /usr/lib/gcc/x86_64-linux-gnu/4.8/crtbegin.o -L/usr/lib/gcc/x86_64-linux-gnu/4.8 -L/usr/lib/gcc/x86_64-linux-gnu/4.8/../../../x86_64-linux-gnu -L/usr/lib/gcc/x86_64-linux-gnu/4.8/../../../../lib -L/lib/x86_64-linux-gnu -L/lib/../lib -L/usr/lib/x86_64-linux-gnu -L/usr/lib/../lib -L/usr/lib/gcc/x86_64-linux-gnu/4.8/../../.. CMakeFiles/cmTryCompileExec2691889367.dir/CMakeCCompilerABI.c.o -lgcc --as-needed -lgcc_s --no-as-needed -lc -lgcc --as-needed -lgcc_s --no-as-needed /usr/lib/gcc/x86_64-linux-gnu/4.8/crtend.o /usr/lib/gcc/x86_64-linux-gnu/4.8/../../../x86_64-linux-gnu/crtn.o]
    arg [/usr/lib/gcc/x86_64-linux-gnu/4.8/collect2] ==> ignore
    arg [--sysroot=/] ==> ignore
    arg [--build-id] ==> ignore
    arg [--eh-frame-hdr] ==> ignore
    arg [-m] ==> ignore
    arg [elf_x86_64] ==> ignore
    arg [--hash-style=gnu] ==> ignore
    arg [--as-needed] ==> ignore
    arg [-export-dynamic] ==> ignore
    arg [-dynamic-linker] ==> ignore
    arg [/lib64/ld-linux-x86-64.so.2] ==> ignore
    arg [-zrelro] ==> ignore
    arg [-o] ==> ignore
    arg [cmTryCompileExec2691889367] ==> ignore
    arg [/usr/lib/gcc/x86_64-linux-gnu/4.8/../../../x86_64-linux-gnu/crt1.o] ==> ignore
    arg [/usr/lib/gcc/x86_64-linux-gnu/4.8/../../../x86_64-linux-gnu/crti.o] ==> ignore
    arg [/usr/lib/gcc/x86_64-linux-gnu/4.8/crtbegin.o] ==> ignore
    arg [-L/usr/lib/gcc/x86_64-linux-gnu/4.8] ==> dir [/usr/lib/gcc/x86_64-linux-gnu/4.8]
    arg [-L/usr/lib/gcc/x86_64-linux-gnu/4.8/../../../x86_64-linux-gnu] ==> dir [/usr/lib/gcc/x86_64-linux-gnu/4.8/../../../x86_64-linux-gnu]
    arg [-L/usr/lib/gcc/x86_64-linux-gnu/4.8/../../../../lib] ==> dir [/usr/lib/gcc/x86_64-linux-gnu/4.8/../../../../lib]
    arg [-L/lib/x86_64-linux-gnu] ==> dir [/lib/x86_64-linux-gnu]
    arg [-L/lib/../lib] ==> dir [/lib/../lib]
    arg [-L/usr/lib/x86_64-linux-gnu] ==> dir [/usr/lib/x86_64-linux-gnu]
    arg [-L/usr/lib/../lib] ==> dir [/usr/lib/../lib]
    arg [-L/usr/lib/gcc/x86_64-linux-gnu/4.8/../../..] ==> dir [/usr/lib/gcc/x86_64-linux-gnu/4.8/../../..]
    arg [CMakeFiles/cmTryCompileExec2691889367.dir/CMakeCCompilerABI.c.o] ==> ignore
    arg [-lgcc] ==> lib [gcc]
    arg [--as-needed] ==> ignore
    arg [-lgcc_s] ==> lib [gcc_s]
    arg [--no-as-needed] ==> ignore
    arg [-lc] ==> lib [c]
    arg [-lgcc] ==> lib [gcc]
    arg [--as-needed] ==> ignore
    arg [-lgcc_s] ==> lib [gcc_s]
    arg [--no-as-needed] ==> ignore
    arg [/usr/lib/gcc/x86_64-linux-gnu/4.8/crtend.o] ==> ignore
    arg [/usr/lib/gcc/x86_64-linux-gnu/4.8/../../../x86_64-linux-gnu/crtn.o] ==> ignore
  remove lib [gcc]
  remove lib [gcc_s]
  remove lib [gcc]
  remove lib [gcc_s]
  collapse library dir [/usr/lib/gcc/x86_64-linux-gnu/4.8] ==> [/usr/lib/gcc/x86_64-linux-gnu/4.8]
  collapse library dir [/usr/lib/gcc/x86_64-linux-gnu/4.8/../../../x86_64-linux-gnu] ==> [/usr/lib/x86_64-linux-gnu]
  collapse library dir [/usr/lib/gcc/x86_64-linux-gnu/4.8/../../../../lib] ==> [/usr/lib]
  collapse library dir [/lib/x86_64-linux-gnu] ==> [/lib/x86_64-linux-gnu]
  collapse library dir [/lib/../lib] ==> [/lib]
  collapse library dir [/usr/lib/x86_64-linux-gnu] ==> [/usr/lib/x86_64-linux-gnu]
  collapse library dir [/usr/lib/../lib] ==> [/usr/lib]
  collapse library dir [/usr/lib/gcc/x86_64-linux-gnu/4.8/../../..] ==> [/usr/lib]
  implicit libs: [c]
  implicit dirs: [/usr/lib/gcc/x86_64-linux-gnu/4.8;/usr/lib/x86_64-linux-gnu;/usr/lib;/lib/x86_64-linux-gnu;/lib]
  implicit fwks: []


Determining if the CXX compiler works passed with the following output:
Change Dir: /home/prof/AR/ENSG_AR/code/CMakeFiles/CMakeTmp

Run Build Command:/usr/bin/make "cmTryCompileExec2689643098/fast"
/usr/bin/make -f CMakeFiles/cmTryCompileExec2689643098.dir/build.make CMakeFiles/cmTryCompileExec2689643098.dir/build
make[1]: entrant dans le répertoire « /home/prof/AR/ENSG_AR/code/CMakeFiles/CMakeTmp »
/usr/bin/cmake -E cmake_progress_report /home/prof/AR/ENSG_AR/code/CMakeFiles/CMakeTmp/CMakeFiles 1
Building CXX object CMakeFiles/cmTryCompileExec2689643098.dir/testCXXCompiler.cxx.o
/usr/bin/c++     -o CMakeFiles/cmTryCompileExec2689643098.dir/testCXXCompiler.cxx.o -c /home/prof/AR/ENSG_AR/code/CMakeFiles/CMakeTmp/testCXXCompiler.cxx
Linking CXX executable cmTryCompileExec2689643098
/usr/bin/cmake -E cmake_link_script CMakeFiles/cmTryCompileExec2689643098.dir/link.txt --verbose=1
/usr/bin/c++        CMakeFiles/cmTryCompileExec2689643098.dir/testCXXCompiler.cxx.o  -o cmTryCompileExec2689643098 -rdynamic 
make[1]: quittant le répertoire « /home/prof/AR/ENSG_AR/code/CMakeFiles/CMakeTmp »


Detecting CXX compiler ABI info compiled with the following output:
Change Dir: /home/prof/AR/ENSG_AR/code/CMakeFiles/CMakeTmp

Run Build Command:/usr/bin/make "cmTryCompileExec2764766096/fast"
/usr/bin/make -f CMakeFiles/cmTryCompileExec2764766096.dir/build.make CMakeFiles/cmTryCompileExec2764766096.dir/build
make[1]: entrant dans le répertoire « /home/prof/AR/ENSG_AR/code/CMakeFiles/CMakeTmp »
/usr/bin/cmake -E cmake_progress_report /home/prof/AR/ENSG_AR/code/CMakeFiles/CMakeTmp/CMakeFiles 1
Building CXX object CMakeFiles/cmTryCompileExec2764766096.dir/CMakeCXXCompilerABI.cpp.o
/usr/bin/c++     -o CMakeFiles/cmTryCompileExec2764766096.dir/CMakeCXXCompilerABI.cpp.o -c /usr/share/cmake-2.8/Modules/CMakeCXXCompilerABI.cpp
Linking CXX executable cmTryCompileExec2764766096
/usr/bin/cmake -E cmake_link_script CMakeFiles/cmTryCompileExec2764766096.dir/link.txt --verbose=1
/usr/bin/c++      -v CMakeFiles/cmTryCompileExec2764766096.dir/CMakeCXXCompilerABI.cpp.o  -o cmTryCompileExec2764766096 -rdynamic  
Using built-in specs.
COLLECT_GCC=/usr/bin/c++
COLLECT_LTO_WRAPPER=/usr/lib/gcc/x86_64-linux-gnu/4.8/lto-wrapper
Target: x86_64-linux-gnu
Configured with: ../src/configure -v --with-pkgversion='Ubuntu 4.8.4-2ubuntu1~14.04.3' --with-bugurl=file:///usr/share/doc/gcc-4.8/README.Bugs --enable-languages=c,c++,java,go,d,fortran,objc,obj-c++ --prefix=/usr --program-suffix=-4.8 --enable-shared --enable-linker-build-id --libexecdir=/usr/lib --without-included-gettext --enable-threads=posix --with-gxx-include-dir=/usr/include/c++/4.8 --libdir=/usr/lib --enable-nls --with-sysroot=/ --enable-clocale=gnu --enable-libstdcxx-debug --enable-libstdcxx-time=yes --enable-gnu-unique-object --disable-libmudflap --enable-plugin --with-system-zlib --disable-browser-plugin --enable-java-awt=gtk --enable-gtk-cairo --with-java-home=/usr/lib/jvm/java-1.5.0-gcj-4.8-amd64/jre --enable-java-home --with-jvm-root-dir=/usr/lib/jvm/java-1.5.0-gcj-4.8-amd64 --with-jvm-jar-dir=/usr/lib/jvm-exports/java-1.5.0-gcj-4.8-amd64 --with-arch-directory=amd64 --with-ecj-jar=/usr/share/java/eclipse-ecj.jar --enable-objc-gc --enable-multiarch --disable-werror --with-arch-32=i686 --with-abi=m64 --with-multilib-list=m32,m64,mx32 --with-tune=generic --enable-checking=release --build=x86_64-linux-gnu --host=x86_64-linux-gnu --target=x86_64-linux-gnu
Thread model: posix
gcc version 4.8.4 (Ubuntu 4.8.4-2ubuntu1~14.04.3) 
COMPILER_PATH=/usr/lib/gcc/x86_64-linux-gnu/4.8/:/usr/lib/gcc/x86_64-linux-gnu/4.8/:/usr/lib/gcc/x86_64-linux-gnu/:/usr/lib/gcc/x86_64-linux-gnu/4.8/:/usr/lib/gcc/x86_64-linux-gnu/
LIBRARY_PATH=/usr/lib/gcc/x86_64-linux-gnu/4.8/:/usr/lib/gcc/x86_64-linux-gnu/4.8/../../../x86_64-linux-gnu/:/usr/lib/gcc/x86_64-linux-gnu/4.8/../../../../lib/:/lib/x86_64-linux-gnu/:/lib/../lib/:/usr/lib/x86_64-linux-gnu/:/usr/lib/../lib/:/usr/lib/gcc/x86_64-linux-gnu/4.8/../../../:/lib/:/usr/lib/
COLLECT_GCC_OPTIONS='-v' '-o' 'cmTryCompileExec2764766096' '-rdynamic' '-shared-libgcc' '-mtune=generic' '-march=x86-64'
 /usr/lib/gcc/x86_64-linux-gnu/4.8/collect2 --sysroot=/ --build-id --eh-frame-hdr -m elf_x86_64 --hash-style=gnu --as-needed -export-dynamic -dynamic-linker /lib64/ld-linux-x86-64.so.2 -z relro -o cmTryCompileExec2764766096 /usr/lib/gcc/x86_64-linux-gnu/4.8/../../../x86_64-linux-gnu/crt1.o /usr/lib/gcc/x86_64-linux-gnu/4.8/../../../x86_64-linux-gnu/crti.o /usr/lib/gcc/x86_64-linux-gnu/4.8/crtbegin.o -L/usr/lib/gcc/x86_64-linux-gnu/4.8 -L/usr/lib/gcc/x86_64-linux-gnu/4.8/../../../x86_64-linux-gnu -L/usr/lib/gcc/x86_64-linux-gnu/4.8/../../../../lib -L/lib/x86_64-linux-gnu -L/lib/../lib -L/usr/lib/x86_64-linux-gnu -L/usr/lib/../lib -L/usr/lib/gcc/x86_64-linux-gnu/4.8/../../.. CMakeFiles/cmTryCompileExec2764766096.dir/CMakeCXXCompilerABI.cpp.o -lstdc++ -lm -lgcc_s -lgcc -lc -lgcc_s -lgcc /usr/lib/gcc/x86_64-linux-gnu/4.8/crtend.o /usr/lib/gcc/x86_64-linux-gnu/4.8/../../../x86_64-linux-gnu/crtn.o
make[1]: quittant le répertoire « /home/prof/AR/ENSG_AR/code/CMakeFiles/CMakeTmp »


Parsed CXX implicit link information from above output:
  link line regex: [^( *|.*[/\])(ld|([^/\]+-)?ld|collect2)[^/\]*( |$)]
  ignore line: [Change Dir: /home/prof/AR/ENSG_AR/code/CMakeFiles/CMakeTmp]
  ignore line: []
  ignore line: [Run Build Command:/usr/bin/make "cmTryCompileExec2764766096/fast"]
  ignore line: [/usr/bin/make -f CMakeFiles/cmTryCompileExec2764766096.dir/build.make CMakeFiles/cmTryCompileExec2764766096.dir/build]
  ignore line: [make[1]: entrant dans le répertoire « /home/prof/AR/ENSG_AR/code/CMakeFiles/CMakeTmp »]
  ignore line: [/usr/bin/cmake -E cmake_progress_report /home/prof/AR/ENSG_AR/code/CMakeFiles/CMakeTmp/CMakeFiles 1]
  ignore line: [Building CXX object CMakeFiles/cmTryCompileExec2764766096.dir/CMakeCXXCompilerABI.cpp.o]
  ignore line: [/usr/bin/c++     -o CMakeFiles/cmTryCompileExec2764766096.dir/CMakeCXXCompilerABI.cpp.o -c /usr/share/cmake-2.8/Modules/CMakeCXXCompilerABI.cpp]
  ignore line: [Linking CXX executable cmTryCompileExec2764766096]
  ignore line: [/usr/bin/cmake -E cmake_link_script CMakeFiles/cmTryCompileExec2764766096.dir/link.txt --verbose=1]
  ignore line: [/usr/bin/c++      -v CMakeFiles/cmTryCompileExec2764766096.dir/CMakeCXXCompilerABI.cpp.o  -o cmTryCompileExec2764766096 -rdynamic  ]
  ignore line: [Using built-in specs.]
  ignore line: [COLLECT_GCC=/usr/bin/c++]
  ignore line: [COLLECT_LTO_WRAPPER=/usr/lib/gcc/x86_64-linux-gnu/4.8/lto-wrapper]
  ignore line: [Target: x86_64-linux-gnu]
  ignore line: [Configured with: ../src/configure -v --with-pkgversion='Ubuntu 4.8.4-2ubuntu1~14.04.3' --with-bugurl=file:///usr/share/doc/gcc-4.8/README.Bugs --enable-languages=c,c++,java,go,d,fortran,objc,obj-c++ --prefix=/usr --program-suffix=-4.8 --enable-shared --enable-linker-build-id --libexecdir=/usr/lib --without-included-gettext --enable-threads=posix --with-gxx-include-dir=/usr/include/c++/4.8 --libdir=/usr/lib --enable-nls --with-sysroot=/ --enable-clocale=gnu --enable-libstdcxx-debug --enable-libstdcxx-time=yes --enable-gnu-unique-object --disable-libmudflap --enable-plugin --with-system-zlib --disable-browser-plugin --enable-java-awt=gtk --enable-gtk-cairo --with-java-home=/usr/lib/jvm/java-1.5.0-gcj-4.8-amd64/jre --enable-java-home --with-jvm-root-dir=/usr/lib/jvm/java-1.5.0-gcj-4.8-amd64 --with-jvm-jar-dir=/usr/lib/jvm-exports/java-1.5.0-gcj-4.8-amd64 --with-arch-directory=amd64 --with-ecj-jar=/usr/share/java/eclipse-ecj.jar --enable-objc-gc --enable-multiarch --disable-werror --with-arch-32=i686 --with-abi=m64 --with-multilib-list=m32,m64,mx32 --with-tune=generic --enable-checking=release --build=x86_64-linux-gnu --host=x86_64-linux-gnu --target=x86_64-linux-gnu]
  ignore line: [Thread model: posix]
  ignore line: [gcc version 4.8.4 (Ubuntu 4.8.4-2ubuntu1~14.04.3) ]
  ignore line: [COMPILER_PATH=/usr/lib/gcc/x86_64-linux-gnu/4.8/:/usr/lib/gcc/x86_64-linux-gnu/4.8/:/usr/lib/gcc/x86_64-linux-gnu/:/usr/lib/gcc/x86_64-linux-gnu/4.8/:/usr/lib/gcc/x86_64-linux-gnu/]
  ignore line: [LIBRARY_PATH=/usr/lib/gcc/x86_64-linux-gnu/4.8/:/usr/lib/gcc/x86_64-linux-gnu/4.8/../../../x86_64-linux-gnu/:/usr/lib/gcc/x86_64-linux-gnu/4.8/../../../../lib/:/lib/x86_64-linux-gnu/:/lib/../lib/:/usr/lib/x86_64-linux-gnu/:/usr/lib/../lib/:/usr/lib/gcc/x86_64-linux-gnu/4.8/../../../:/lib/:/usr/lib/]
  ignore line: [COLLECT_GCC_OPTIONS='-v' '-o' 'cmTryCompileExec2764766096' '-rdynamic' '-shared-libgcc' '-mtune=generic' '-march=x86-64']
  link line: [ /usr/lib/gcc/x86_64-linux-gnu/4.8/collect2 --sysroot=/ --build-id --eh-frame-hdr -m elf_x86_64 --hash-style=gnu --as-needed -export-dynamic -dynamic-linker /lib64/ld-linux-x86-64.so.2 -z relro -o cmTryCompileExec2764766096 /usr/lib/gcc/x86_64-linux-gnu/4.8/../../../x86_64-linux-gnu/crt1.o /usr/lib/gcc/x86_64-linux-gnu/4.8/../../../x86_64-linux-gnu/crti.o /usr/lib/gcc/x86_64-linux-gnu/4.8/crtbegin.o -L/usr/lib/gcc/x86_64-linux-gnu/4.8 -L/usr/lib/gcc/x86_64-linux-gnu/4.8/../../../x86_64-linux-gnu -L/usr/lib/gcc/x86_64-linux-gnu/4.8/../../../../lib -L/lib/x86_64-linux-gnu -L/lib/../lib -L/usr/lib/x86_64-linux-gnu -L/usr/lib/../lib -L/usr/lib/gcc/x86_64-linux-gnu/4.8/../../.. CMakeFiles/cmTryCompileExec2764766096.dir/CMakeCXXCompilerABI.cpp.o -lstdc++ -lm -lgcc_s -lgcc -lc -lgcc_s -lgcc /usr/lib/gcc/x86_64-linux-gnu/4.8/crtend.o /usr/lib/gcc/x86_64-linux-gnu/4.8/../../../x86_64-linux-gnu/crtn.o]
    arg [/usr/lib/gcc/x86_64-linux-gnu/4.8/collect2] ==> ignore
    arg [--sysroot=/] ==> ignore
    arg [--build-id] ==> ignore
    arg [--eh-frame-hdr] ==> ignore
    arg [-m] ==> ignore
    arg [elf_x86_64] ==> ignore
    arg [--hash-style=gnu] ==> ignore
    arg [--as-needed] ==> ignore
    arg [-export-dynamic] ==> ignore
    arg [-dynamic-linker] ==> ignore
    arg [/lib64/ld-linux-x86-64.so.2] ==> ignore
    arg [-zrelro] ==> ignore
    arg [-o] ==> ignore
    arg [cmTryCompileExec2764766096] ==> ignore
    arg [/usr/lib/gcc/x86_64-linux-gnu/4.8/../../../x86_64-linux-gnu/crt1.o] ==> ignore
    arg [/usr/lib/gcc/x86_64-linux-gnu/4.8/../../../x86_64-linux-gnu/crti.o] ==> ignore
    arg [/usr/lib/gcc/x86_64-linux-gnu/4.8/crtbegin.o] ==> ignore
    arg [-L/usr/lib/gcc/x86_64-linux-gnu/4.8] ==> dir [/usr/lib/gcc/x86_64-linux-gnu/4.8]
    arg [-L/usr/lib/gcc/x86_64-linux-gnu/4.8/../../../x86_64-linux-gnu] ==> dir [/usr/lib/gcc/x86_64-linux-gnu/4.8/../../../x86_64-linux-gnu]
    arg [-L/usr/lib/gcc/x86_64-linux-gnu/4.8/../../../../lib] ==> dir [/usr/lib/gcc/x86_64-linux-gnu/4.8/../../../../lib]
    arg [-L/lib/x86_64-linux-gnu] ==> dir [/lib/x86_64-linux-gnu]
    arg [-L/lib/../lib] ==> dir [/lib/../lib]
    arg [-L/usr/lib/x86_64-linux-gnu] ==> dir [/usr/lib/x86_64-linux-gnu]
    arg [-L/usr/lib/../lib] ==> dir [/usr/lib/../lib]
    arg [-L/usr/lib/gcc/x86_64-linux-gnu/4.8/../../..] ==> dir [/usr/lib/gcc/x86_64-linux-gnu/4.8/../../..]
    arg [CMakeFiles/cmTryCompileExec2764766096.dir/CMakeCXXCompilerABI.cpp.o] ==> ignore
    arg [-lstdc++] ==> lib [stdc++]
    arg [-lm] ==> lib [m]
    arg [-lgcc_s] ==> lib [gcc_s]
    arg [-lgcc] ==> lib [gcc]
    arg [-lc] ==> lib [c]
    arg [-lgcc_s] ==> lib [gcc_s]
    arg [-lgcc] ==> lib [gcc]
    arg [/usr/lib/gcc/x86_64-linux-gnu/4.8/crtend.o] ==> ignore
    arg [/usr/lib/gcc/x86_64-linux-gnu/4.8/../../../x86_64-linux-gnu/crtn.o] ==> ignore
  remove lib [gcc_s]
  remove lib [gcc]
  remove lib [gcc_s]
  remove lib [gcc]
  collapse library dir [/usr/lib/gcc/x86_64-linux-gnu/4.8] ==> [/usr/lib/gcc/x86_64-linux-gnu/4.8]
  collapse library dir [/usr/lib/gcc/x86_64-linux-gnu/4.8/../../../x86_64-linux-gnu] ==> [/usr/lib/x86_64-linux-gnu]
  collapse library dir [/usr/lib/gcc/x86_64-linux-gnu/4.8/../../../../lib] ==> [/usr/lib]
  collapse library dir [/lib/x86_64-linux-gnu] ==> [/lib/x86_64-linux-gnu]
  collapse library dir [/lib/../lib] ==> [/lib]
  collapse library dir [/usr/lib/x86_64-linux-gnu] ==> [/usr/lib/x86_64-linux-gnu]
  collapse library dir [/usr/lib/../lib] ==> [/usr/lib]
  collapse library dir [/usr/lib/gcc/x86_64-linux-gnu/4.8/../../..] ==> [/usr/lib]
  implicit libs: [stdc++;m;c]
  implicit dirs: [/usr/lib/gcc/x86_64-linux-gnu/4.8;/usr/lib/x86_64-linux-gnu;/usr/lib;/lib/x86_64-linux-gnu;/lib]
  implicit fwks: []


Determining if the function XOpenDisplay exists in the /usr/lib/x86_64-linux-gnu/libX11.so;/usr/lib/x86_64-linux-gnu/libXext.so passed with the following output:
Change Dir: /home/prof/AR/ENSG_AR/code/CMakeFiles/CMakeTmp

Run Build Command:/usr/bin/make "cmTryCompileExec1290978275/fast"
/usr/bin/make -f CMakeFiles/cmTryCompileExec1290978275.dir/build.make CMakeFiles/cmTryCompileExec1290978275.dir/build
make[1]: entrant dans le répertoire « /home/prof/AR/ENSG_AR/code/CMakeFiles/CMakeTmp »
/usr/bin/cmake -E cmake_progress_report /home/prof/AR/ENSG_AR/code/CMakeFiles/CMakeTmp/CMakeFiles 1
Building C object CMakeFiles/cmTryCompileExec1290978275.dir/CheckFunctionExists.c.o
/usr/bin/cc   -DCHECK_FUNCTION_EXISTS=XOpenDisplay   -o CMakeFiles/cmTryCompileExec1290978275.dir/CheckFunctionExists.c.o   -c /usr/share/cmake-2.8/Modules/CheckFunctionExists.c
Linking C executable cmTryCompileExec1290978275
/usr/bin/cmake -E cmake_link_script CMakeFiles/cmTryCompileExec1290978275.dir/link.txt --verbose=1
/usr/bin/cc   -DCHECK_FUNCTION_EXISTS=XOpenDisplay    CMakeFiles/cmTryCompileExec1290978275.dir/CheckFunctionExists.c.o  -o cmTryCompileExec1290978275 -rdynamic -lX11 -lXext 
make[1]: quittant le répertoire « /home/prof/AR/ENSG_AR/code/CMakeFiles/CMakeTmp »


Determining if the function gethostbyname exists passed with the following output:
Change Dir: /home/prof/AR/ENSG_AR/code/CMakeFiles/CMakeTmp

Run Build Command:/usr/bin/make "cmTryCompileExec1795889203/fast"
/usr/bin/make -f CMakeFiles/cmTryCompileExec1795889203.dir/build.make CMakeFiles/cmTryCompileExec1795889203.dir/build
make[1]: entrant dans le répertoire « /home/prof/AR/ENSG_AR/code/CMakeFiles/CMakeTmp »
/usr/bin/cmake -E cmake_progress_report /home/prof/AR/ENSG_AR/code/CMakeFiles/CMakeTmp/CMakeFiles 1
Building C object CMakeFiles/cmTryCompileExec1795889203.dir/CheckFunctionExists.c.o
/usr/bin/cc   -DCHECK_FUNCTION_EXISTS=gethostbyname   -o CMakeFiles/cmTryCompileExec1795889203.dir/CheckFunctionExists.c.o   -c /usr/share/cmake-2.8/Modules/CheckFunctionExists.c
Linking C executable cmTryCompileExec1795889203
/usr/bin/cmake -E cmake_link_script CMakeFiles/cmTryCompileExec1795889203.dir/link.txt --verbose=1
/usr/bin/cc   -DCHECK_FUNCTION_EXISTS=gethostbyname    CMakeFiles/cmTryCompileExec1795889203.dir/CheckFunctionExists.c.o  -o cmTryCompileExec1795889203 -rdynamic 
make[1]: quittant le répertoire « /home/prof/AR/ENSG_AR/code/CMakeFiles/CMakeTmp »


Determining if the function connect exists passed with the following output:
Change Dir: /home/prof/AR/ENSG_AR/code/CMakeFiles/CMakeTmp

Run Build Command:/usr/bin/make "cmTryCompileExec3334784181/fast"
/usr/bin/make -f CMakeFiles/cmTryCompileExec3334784181.dir/build.make CMakeFiles/cmTryCompileExec3334784181.dir/build
make[1]: entrant dans le répertoire « /home/prof/AR/ENSG_AR/code/CMakeFiles/CMakeTmp »
/usr/bin/cmake -E cmake_progress_report /home/prof/AR/ENSG_AR/code/CMakeFiles/CMakeTmp/CMakeFiles 1
Building C object CMakeFiles/cmTryCompileExec3334784181.dir/CheckFunctionExists.c.o
/usr/bin/cc   -DCHECK_FUNCTION_EXISTS=connect   -o CMakeFiles/cmTryCompileExec3334784181.dir/CheckFunctionExists.c.o   -c /usr/share/cmake-2.8/Modules/CheckFunctionExists.c
Linking C executable cmTryCompileExec3334784181
/usr/bin/cmake -E cmake_link_script CMakeFiles/cmTryCompileExec3334784181.dir/link.txt --verbose=1
/usr/bin/cc   -DCHECK_FUNCTION_EXISTS=connect    CMakeFiles/cmTryCompileExec3334784181.dir/CheckFunctionExists.c.o  -o cmTryCompileExec3334784181 -rdynamic 
make[1]: quittant le répertoire « /home/prof/AR/ENSG_AR/code/CMakeFiles/CMakeTmp »


Determining if the function remove exists passed with the following output:
Change Dir: /home/prof/AR/ENSG_AR/code/CMakeFiles/CMakeTmp

Run Build Command:/usr/bin/make "cmTryCompileExec572565425/fast"
/usr/bin/make -f CMakeFiles/cmTryCompileExec572565425.dir/build.make CMakeFiles/cmTryCompileExec572565425.dir/build
make[1]: entrant dans le répertoire « /home/prof/AR/ENSG_AR/code/CMakeFiles/CMakeTmp »
/usr/bin/cmake -E cmake_progress_report /home/prof/AR/ENSG_AR/code/CMakeFiles/CMakeTmp/CMakeFiles 1
Building C object CMakeFiles/cmTryCompileExec572565425.dir/CheckFunctionExists.c.o
/usr/bin/cc   -DCHECK_FUNCTION_EXISTS=remove   -o CMakeFiles/cmTryCompileExec572565425.dir/CheckFunctionExists.c.o   -c /usr/share/cmake-2.8/Modules/CheckFunctionExists.c
Linking C executable cmTryCompileExec572565425
/usr/bin/cmake -E cmake_link_script CMakeFiles/cmTryCompileExec572565425.dir/link.txt --verbose=1
/usr/bin/cc   -DCHECK_FUNCTION_EXISTS=remove    CMakeFiles/cmTryCompileExec572565425.dir/CheckFunctionExists.c.o  -o cmTryCompileExec572565425 -rdynamic 
make[1]: quittant le répertoire « /home/prof/AR/ENSG_AR/code/CMakeFiles/CMakeTmp »


Determining if the function shmat exists passed with the following output:
Change Dir: /home/prof/AR/ENSG_AR/code/CMakeFiles/CMakeTmp

Run Build Command:/usr/bin/make "cmTryCompileExec140480707/fast"
/usr/bin/make -f CMakeFiles/cmTryCompileExec140480707.dir/build.make CMakeFiles/cmTryCompileExec140480707.dir/build
make[1]: entrant dans le répertoire « /home/prof/AR/ENSG_AR/code/CMakeFiles/CMakeTmp »
/usr/bin/cmake -E cmake_progress_report /home/prof/AR/ENSG_AR/code/CMakeFiles/CMakeTmp/CMakeFiles 1
Building C object CMakeFiles/cmTryCompileExec140480707.dir/CheckFunctionExists.c.o
/usr/bin/cc   -DCHECK_FUNCTION_EXISTS=shmat   -o CMakeFiles/cmTryCompileExec140480707.dir/CheckFunctionExists.c.o   -c /usr/share/cmake-2.8/Modules/CheckFunctionExists.c
Linking C executable cmTryCompileExec140480707
/usr/bin/cmake -E cmake_link_script CMakeFiles/cmTryCompileExec140480707.dir/link.txt --verbose=1
/usr/bin/cc   -DCHECK_FUNCTION_EXISTS=shmat    CMakeFiles/cmTryCompileExec140480707.dir/CheckFunctionExists.c.o  -o cmTryCompileExec140480707 -rdynamic 
make[1]: quittant le répertoire « /home/prof/AR/ENSG_AR/code/CMakeFiles/CMakeTmp »


Determining if the function IceConnectionNumber exists in the ICE passed with the following output:
Change Dir: /home/prof/AR/ENSG_AR/code/CMakeFiles/CMakeTmp

Run Build Command:/usr/bin/make "cmTryCompileExec120057244/fast"
/usr/bin/make -f CMakeFiles/cmTryCompileExec120057244.dir/build.make CMakeFiles/cmTryCompileExec120057244.dir/build
make[1]: entrant dans le répertoire « /home/prof/AR/ENSG_AR/code/CMakeFiles/CMakeTmp »
/usr/bin/cmake -E cmake_progress_report /home/prof/AR/ENSG_AR/code/CMakeFiles/CMakeTmp/CMakeFiles 1
Building C object CMakeFiles/cmTryCompileExec120057244.dir/CheckFunctionExists.c.o
/usr/bin/cc   -DCHECK_FUNCTION_EXISTS=IceConnectionNumber   -o CMakeFiles/cmTryCompileExec120057244.dir/CheckFunctionExists.c.o   -c /usr/share/cmake-2.8/Modules/CheckFunctionExists.c
Linking C executable cmTryCompileExec120057244
/usr/bin/cmake -E cmake_link_script CMakeFiles/cmTryCompileExec120057244.dir/link.txt --verbose=1
/usr/bin/cc   -DCHECK_FUNCTION_EXISTS=IceConnectionNumber    CMakeFiles/cmTryCompileExec120057244.dir/CheckFunctionExists.c.o  -o cmTryCompileExec120057244 -rdynamic -lICE 
make[1]: quittant le répertoire « /home/prof/AR/ENSG_AR/code/CMakeFiles/CMakeTmp »


Determining if files pthread.h exist passed with the following output:
Change Dir: /home/prof/AR/ENSG_AR/code/CMakeFiles/CMakeTmp

Run Build Command:/usr/bin/make "cmTryCompileExec2623855864/fast"
/usr/bin/make -f CMakeFiles/cmTryCompileExec2623855864.dir/build.make CMakeFiles/cmTryCompileExec2623855864.dir/build
make[1]: entrant dans le répertoire « /home/prof/AR/ENSG_AR/code/CMakeFiles/CMakeTmp »
/usr/bin/cmake -E cmake_progress_report /home/prof/AR/ENSG_AR/code/CMakeFiles/CMakeTmp/CMakeFiles 1
Building C object CMakeFiles/cmTryCompileExec2623855864.dir/CheckIncludeFiles.c.o
/usr/bin/cc    -o CMakeFiles/cmTryCompileExec2623855864.dir/CheckIncludeFiles.c.o   -c /home/prof/AR/ENSG_AR/code/CMakeFiles/CMakeTmp/CheckIncludeFiles.c
Linking C executable cmTryCompileExec2623855864
/usr/bin/cmake -E cmake_link_script CMakeFiles/cmTryCompileExec2623855864.dir/link.txt --verbose=1
/usr/bin/cc       CMakeFiles/cmTryCompileExec2623855864.dir/CheckIncludeFiles.c.o  -o cmTryCompileExec2623855864 -rdynamic 
make[1]: quittant le répertoire « /home/prof/AR/ENSG_AR/code/CMakeFiles/CMakeTmp »


Determining if the function pthread_create exists in the pthread passed with the following output:
Change Dir: /home/prof/AR/ENSG_AR/code/CMakeFiles/CMakeTmp

Run Build Command:/usr/bin/make "cmTryCompileExec4193005062/fast"
/usr/bin/make -f CMakeFiles/cmTryCompileExec4193005062.dir/build.make CMakeFiles/cmTryCompileExec4193005062.dir/build
make[1]: entrant dans le répertoire « /home/prof/AR/ENSG_AR/code/CMakeFiles/CMakeTmp »
/usr/bin/cmake -E cmake_progress_report /home/prof/AR/ENSG_AR/code/CMakeFiles/CMakeTmp/CMakeFiles 1
Building C object CMakeFiles/cmTryCompileExec4193005062.dir/CheckFunctionExists.c.o
/usr/bin/cc   -DCHECK_FUNCTION_EXISTS=pthread_create   -o CMakeFiles/cmTryCompileExec4193005062.dir/CheckFunctionExists.c.o   -c /usr/share/cmake-2.8/Modules/CheckFunctionExists.c
Linking C executable cmTryCompileExec4193005062
/usr/bin/cmake -E cmake_link_script CMakeFiles/cmTryCompileExec4193005062.dir/link.txt --verbose=1
/usr/bin/cc   -DCHECK_FUNCTION_EXISTS=pthread_create    CMakeFiles/cmTryCompileExec4193005062.dir/CheckFunctionExists.c.o  -o cmTryCompileExec4193005062 -rdynamic -lpthread 
make[1]: quittant le répertoire « /home/prof/AR/ENSG_AR/code/CMakeFiles/CMakeTmp »


Determining if the include file sys/types.h exists passed with the following output:
Change Dir: /home/prof/AR/ENSG_AR/code/CMakeFiles/CMakeTmp

Run Build Command:/usr/bin/make "cmTryCompileExec513280694/fast"
/usr/bin/make -f CMakeFiles/cmTryCompileExec513280694.dir/build.make CMakeFiles/cmTryCompileExec513280694.dir/build
make[1]: entrant dans le répertoire « /home/prof/AR/ENSG_AR/code/CMakeFiles/CMakeTmp »
/usr/bin/cmake -E cmake_progress_report /home/prof/AR/ENSG_AR/code/CMakeFiles/CMakeTmp/CMakeFiles 1
Building C object CMakeFiles/cmTryCompileExec513280694.dir/CheckIncludeFile.c.o
/usr/bin/cc    -o CMakeFiles/cmTryCompileExec513280694.dir/CheckIncludeFile.c.o   -c /home/prof/AR/ENSG_AR/code/CMakeFiles/CMakeTmp/CheckIncludeFile.c
Linking C executable cmTryCompileExec513280694
/usr/bin/cmake -E cmake_link_script CMakeFiles/cmTryCompileExec513280694.dir/link.txt --verbose=1
/usr/bin/cc       CMakeFiles/cmTryCompileExec513280694.dir/CheckIncludeFile.c.o  -o cmTryCompileExec513280694 -rdynamic 
make[1]: quittant le répertoire « /home/prof/AR/ENSG_AR/code/CMakeFiles/CMakeTmp »


Determining if the include file stdint.h exists passed with the following output:
Change Dir: /home/prof/AR/ENSG_AR/code/CMakeFiles/CMakeTmp

Run Build Command:/usr/bin/make "cmTryCompileExec192576215/fast"
/usr/bin/make -f CMakeFiles/cmTryCompileExec192576215.dir/build.make CMakeFiles/cmTryCompileExec192576215.dir/build
make[1]: entrant dans le répertoire « /home/prof/AR/ENSG_AR/code/CMakeFiles/CMakeTmp »
/usr/bin/cmake -E cmake_progress_report /home/prof/AR/ENSG_AR/code/CMakeFiles/CMakeTmp/CMakeFiles 1
Building C object CMakeFiles/cmTryCompileExec192576215.dir/CheckIncludeFile.c.o
/usr/bin/cc    -o CMakeFiles/cmTryCompileExec192576215.dir/CheckIncludeFile.c.o   -c /home/prof/AR/ENSG_AR/code/CMakeFiles/CMakeTmp/CheckIncludeFile.c
Linking C executable cmTryCompileExec192576215
/usr/bin/cmake -E cmake_link_script CMakeFiles/cmTryCompileExec192576215.dir/link.txt --verbose=1
/usr/bin/cc       CMakeFiles/cmTryCompileExec192576215.dir/CheckIncludeFile.c.o  -o cmTryCompileExec192576215 -rdynamic 
make[1]: quittant le répertoire « /home/prof/AR/ENSG_AR/code/CMakeFiles/CMakeTmp »


Determining if the include file stddef.h exists passed with the following output:
Change Dir: /home/prof/AR/ENSG_AR/code/CMakeFiles/CMakeTmp

Run Build Command:/usr/bin/make "cmTryCompileExec3778985805/fast"
/usr/bin/make -f CMakeFiles/cmTryCompileExec3778985805.dir/build.make CMakeFiles/cmTryCompileExec3778985805.dir/build
make[1]: entrant dans le répertoire « /home/prof/AR/ENSG_AR/code/CMakeFiles/CMakeTmp »
/usr/bin/cmake -E cmake_progress_report /home/prof/AR/ENSG_AR/code/CMakeFiles/CMakeTmp/CMakeFiles 1
Building C object CMakeFiles/cmTryCompileExec3778985805.dir/CheckIncludeFile.c.o
/usr/bin/cc    -o CMakeFiles/cmTryCompileExec3778985805.dir/CheckIncludeFile.c.o   -c /home/prof/AR/ENSG_AR/code/CMakeFiles/CMakeTmp/CheckIncludeFile.c
Linking C executable cmTryCompileExec3778985805
/usr/bin/cmake -E cmake_link_script CMakeFiles/cmTryCompileExec3778985805.dir/link.txt --verbose=1
/usr/bin/cc       CMakeFiles/cmTryCompileExec3778985805.dir/CheckIncludeFile.c.o  -o cmTryCompileExec3778985805 -rdynamic 
make[1]: quittant le répertoire « /home/prof/AR/ENSG_AR/code/CMakeFiles/CMakeTmp »


Determining size of off64_t passed with the following output:
Change Dir: /home/prof/AR/ENSG_AR/code/CMakeFiles/CMakeTmp

Run Build Command:/usr/bin/make "cmTryCompileExec2045347300/fast"
/usr/bin/make -f CMakeFiles/cmTryCompileExec2045347300.dir/build.make CMakeFiles/cmTryCompileExec2045347300.dir/build
make[1]: entrant dans le répertoire « /home/prof/AR/ENSG_AR/code/CMakeFiles/CMakeTmp »
/usr/bin/cmake -E cmake_progress_report /home/prof/AR/ENSG_AR/code/CMakeFiles/CMakeTmp/CMakeFiles 1
Building C object CMakeFiles/cmTryCompileExec2045347300.dir/OFF64_T.c.o
/usr/bin/cc  -DHAVE_STDDEF_H -DHAVE_STDINT_H -DHAVE_SYS_TYPES_H -D_LARGEFILE64_SOURCE=1  -o CMakeFiles/cmTryCompileExec2045347300.dir/OFF64_T.c.o   -c /home/prof/AR/ENSG_AR/code/CMakeFiles/CheckTypeSize/OFF64_T.c
Linking C executable cmTryCompileExec2045347300
/usr/bin/cmake -E cmake_link_script CMakeFiles/cmTryCompileExec2045347300.dir/link.txt --verbose=1
/usr/bin/cc       CMakeFiles/cmTryCompileExec2045347300.dir/OFF64_T.c.o  -o cmTryCompileExec2045347300 -rdynamic 
make[1]: quittant le répertoire « /home/prof/AR/ENSG_AR/code/CMakeFiles/CMakeTmp »


Determining if the function fseeko exists passed with the following output:
Change Dir: /home/prof/AR/ENSG_AR/code/CMakeFiles/CMakeTmp

Run Build Command:/usr/bin/make "cmTryCompileExec1321682446/fast"
/usr/bin/make -f CMakeFiles/cmTryCompileExec1321682446.dir/build.make CMakeFiles/cmTryCompileExec1321682446.dir/build
make[1]: entrant dans le répertoire « /home/prof/AR/ENSG_AR/code/CMakeFiles/CMakeTmp »
/usr/bin/cmake -E cmake_progress_report /home/prof/AR/ENSG_AR/code/CMakeFiles/CMakeTmp/CMakeFiles 1
Building C object CMakeFiles/cmTryCompileExec1321682446.dir/CheckFunctionExists.c.o
/usr/bin/cc   -DCHECK_FUNCTION_EXISTS=fseeko   -o CMakeFiles/cmTryCompileExec1321682446.dir/CheckFunctionExists.c.o   -c /usr/share/cmake-2.8/Modules/CheckFunctionExists.c
Linking C executable cmTryCompileExec1321682446
/usr/bin/cmake -E cmake_link_script CMakeFiles/cmTryCompileExec1321682446.dir/link.txt --verbose=1
/usr/bin/cc   -DCHECK_FUNCTION_EXISTS=fseeko    CMakeFiles/cmTryCompileExec1321682446.dir/CheckFunctionExists.c.o  -o cmTryCompileExec1321682446 -rdynamic 
make[1]: quittant le répertoire « /home/prof/AR/ENSG_AR/code/CMakeFiles/CMakeTmp »


Determining if the include file unistd.h exists passed with the following output:
Change Dir: /home/prof/AR/ENSG_AR/code/CMakeFiles/CMakeTmp

Run Build Command:/usr/bin/make "cmTryCompileExec4134680907/fast"
/usr/bin/make -f CMakeFiles/cmTryCompileExec4134680907.dir/build.make CMakeFiles/cmTryCompileExec4134680907.dir/build
make[1]: entrant dans le répertoire « /home/prof/AR/ENSG_AR/code/CMakeFiles/CMakeTmp »
/usr/bin/cmake -E cmake_progress_report /home/prof/AR/ENSG_AR/code/CMakeFiles/CMakeTmp/CMakeFiles 1
Building C object CMakeFiles/cmTryCompileExec4134680907.dir/CheckIncludeFile.c.o
/usr/bin/cc    -o CMakeFiles/cmTryCompileExec4134680907.dir/CheckIncludeFile.c.o   -c /home/prof/AR/ENSG_AR/code/CMakeFiles/CMakeTmp/CheckIncludeFile.c
Linking C executable cmTryCompileExec4134680907
/usr/bin/cmake -E cmake_link_script CMakeFiles/cmTryCompileExec4134680907.dir/link.txt --verbose=1
/usr/bin/cc       CMakeFiles/cmTryCompileExec4134680907.dir/CheckIncludeFile.c.o  -o cmTryCompileExec4134680907 -rdynamic 
make[1]: quittant le répertoire « /home/prof/AR/ENSG_AR/code/CMakeFiles/CMakeTmp »


