Determining if the pthread_create exist failed with the following output:
Change Dir: /home/prof/AR/ENSG_AR/code/CMakeFiles/CMakeTmp

Run Build Command:/usr/bin/make "cmTryCompileExec1720869889/fast"
/usr/bin/make -f CMakeFiles/cmTryCompileExec1720869889.dir/build.make CMakeFiles/cmTryCompileExec1720869889.dir/build
make[1]: entrant dans le répertoire « /home/prof/AR/ENSG_AR/code/CMakeFiles/CMakeTmp »
/usr/bin/cmake -E cmake_progress_report /home/prof/AR/ENSG_AR/code/CMakeFiles/CMakeTmp/CMakeFiles 1
Building C object CMakeFiles/cmTryCompileExec1720869889.dir/CheckSymbolExists.c.o
/usr/bin/cc    -o CMakeFiles/cmTryCompileExec1720869889.dir/CheckSymbolExists.c.o   -c /home/prof/AR/ENSG_AR/code/CMakeFiles/CMakeTmp/CheckSymbolExists.c
Linking C executable cmTryCompileExec1720869889
/usr/bin/cmake -E cmake_link_script CMakeFiles/cmTryCompileExec1720869889.dir/link.txt --verbose=1
/usr/bin/cc       CMakeFiles/cmTryCompileExec1720869889.dir/CheckSymbolExists.c.o  -o cmTryCompileExec1720869889 -rdynamic 
CMakeFiles/cmTryCompileExec1720869889.dir/CheckSymbolExists.c.o : Dans la fonction « main » :
CheckSymbolExists.c:(.text+0x16) : référence indéfinie vers « pthread_create »
collect2: error: ld returned 1 exit status
make[1]: *** [cmTryCompileExec1720869889] Erreur 1
make[1]: quittant le répertoire « /home/prof/AR/ENSG_AR/code/CMakeFiles/CMakeTmp »
make: *** [cmTryCompileExec1720869889/fast] Erreur 2

File /home/prof/AR/ENSG_AR/code/CMakeFiles/CMakeTmp/CheckSymbolExists.c:
/* */
#include <pthread.h>

int main(int argc, char** argv)
{
  (void)argv;
#ifndef pthread_create
  return ((int*)(&pthread_create))[argc];
#else
  (void)argc;
  return 0;
#endif
}

Determining if the function pthread_create exists in the pthreads failed with the following output:
Change Dir: /home/prof/AR/ENSG_AR/code/CMakeFiles/CMakeTmp

Run Build Command:/usr/bin/make "cmTryCompileExec4002470363/fast"
/usr/bin/make -f CMakeFiles/cmTryCompileExec4002470363.dir/build.make CMakeFiles/cmTryCompileExec4002470363.dir/build
make[1]: entrant dans le répertoire « /home/prof/AR/ENSG_AR/code/CMakeFiles/CMakeTmp »
/usr/bin/cmake -E cmake_progress_report /home/prof/AR/ENSG_AR/code/CMakeFiles/CMakeTmp/CMakeFiles 1
Building C object CMakeFiles/cmTryCompileExec4002470363.dir/CheckFunctionExists.c.o
/usr/bin/cc   -DCHECK_FUNCTION_EXISTS=pthread_create   -o CMakeFiles/cmTryCompileExec4002470363.dir/CheckFunctionExists.c.o   -c /usr/share/cmake-2.8/Modules/CheckFunctionExists.c
Linking C executable cmTryCompileExec4002470363
/usr/bin/cmake -E cmake_link_script CMakeFiles/cmTryCompileExec4002470363.dir/link.txt --verbose=1
/usr/bin/cc   -DCHECK_FUNCTION_EXISTS=pthread_create    CMakeFiles/cmTryCompileExec4002470363.dir/CheckFunctionExists.c.o  -o cmTryCompileExec4002470363 -rdynamic -lpthreads 
/usr/bin/ld : ne peut trouver -lpthreads
collect2: error: ld returned 1 exit status
make[1]: *** [cmTryCompileExec4002470363] Erreur 1
make[1]: quittant le répertoire « /home/prof/AR/ENSG_AR/code/CMakeFiles/CMakeTmp »
make: *** [cmTryCompileExec4002470363/fast] Erreur 2


